[2026-05-03T02:24:31.830Z] [32minfo[39m: [32mServidor en http://localhost:8000[39m
[2026-05-03T02:24:31.852Z] [36mhttp[39m: [36mPOST /api/users/register[39m
[2026-05-03T02:24:31.973Z] [36mhttp[39m: [36mPOST /api/users/register[39m
[2026-05-03T02:24:32.068Z] [36mhttp[39m: [36mPOST /api/users/login[39m
[2026-05-03T02:24:32.164Z] [36mhttp[39m: [36mPOST /api/users/login[39m
[2026-05-03T02:24:32.258Z] [36mhttp[39m: [36mGET /api/products[39m
[2026-05-03T02:24:32.274Z] [36mhttp[39m: [36mPOST /api/products[39m
[2026-05-03T02:24:32.280Z] [36mhttp[39m: [36mGET /api/products?category=Electronics[39m
[2026-05-03T02:24:32.285Z] [36mhttp[39m: [36mPOST /api/products[39m
[2026-05-03T02:24:32.291Z] [36mhttp[39m: [36mPOST /api/products[39m
[2026-05-03T02:24:32.295Z] [36mhttp[39m: [36mPOST /api/products[39m
[2026-05-03T02:24:32.300Z] [36mhttp[39m: [36mPOST /api/products[39m
[2026-05-03T02:24:32.304Z] [36mhttp[39m: [36mPOST /api/products[39m
[2026-05-03T02:24:32.307Z] [36mhttp[39m: [36mPOST /api/products[39m
[2026-05-03T02:24:32.311Z] [36mhttp[39m: [36mGET /api/products/6ffcbad8-a14d-4944-9ee1-822f970fc30a[39m
[2026-05-03T02:24:32.315Z] [36mhttp[39m: [36mGET /api/products/id-inexistente[39m
[2026-05-03T02:24:32.319Z] [36mhttp[39m: [36mPUT /api/products/6ffcbad8-a14d-4944-9ee1-822f970fc30a[39m
[2026-05-03T02:24:32.323Z] [36mhttp[39m: [36mPUT /api/products/6ffcbad8-a14d-4944-9ee1-822f970fc30a[39m
[2026-05-03T02:24:32.326Z] [36mhttp[39m: [36mPUT /api/products/6ffcbad8-a14d-4944-9ee1-822f970fc30a[39m
[2026-05-03T02:24:32.329Z] [36mhttp[39m: [36mPUT /api/products/id-falso[39m
[2026-05-03T02:24:32.332Z] [36mhttp[39m: [36mDELETE /api/products/6ffcbad8-a14d-4944-9ee1-822f970fc30a[39m
[2026-05-03T02:24:32.336Z] [36mhttp[39m: [36mDELETE /api/products/6ffcbad8-a14d-4944-9ee1-822f970fc30a[39m
[2026-05-03T02:24:32.339Z] [36mhttp[39m: [36mGET /api/products/6ffcbad8-a14d-4944-9ee1-822f970fc30a[39m
[2026-05-03T02:24:32.342Z] [36mhttp[39m: [36mDELETE /api/products/6ffcbad8-a14d-4944-9ee1-822f970fc30a[39m
